2026-06-01 17:27:50,526-=== Pipeline started ===
2026-06-01 17:27:50,526-Extracting Data...
2026-06-01 17:27:51,504-Data fetched Successfully
2026-06-01 17:27:51,506-Transforming Data...
2026-06-01 17:27:51,518-Loading into database...
2026-06-01 17:27:51,654-Data loaded successfully!
2026-06-01 17:27:51,654-=== Pipeline completed ===
2026-06-01 17:32:51,659-=== Pipeline started ===
2026-06-01 17:32:51,661-Extracting Data...
2026-06-01 17:32:53,558-Data fetched Successfully
2026-06-01 17:32:53,563-Transforming Data...
2026-06-01 17:32:53,573-Loading into database...
2026-06-01 17:32:53,712-Data loaded successfully!
2026-06-01 17:32:53,713-=== Pipeline completed ===
2026-06-01 17:37:53,763-=== Pipeline started ===
2026-06-01 17:37:53,790-Extracting Data...
2026-06-01 17:37:56,377-Data fetched Successfully
2026-06-01 17:37:56,380-Transforming Data...
2026-06-01 17:37:56,467-Loading into database...
2026-06-01 17:37:56,644-Data loaded successfully!
2026-06-01 17:37:56,651-=== Pipeline completed ===
2026-06-01 17:42:56,692-=== Pipeline started ===
2026-06-01 17:42:56,709-Extracting Data...
2026-06-01 17:42:59,890-Data fetched Successfully
2026-06-01 17:42:59,897-Transforming Data...
2026-06-01 17:42:59,953-Loading into database...
2026-06-01 17:43:00,187-Data loaded successfully!
2026-06-01 17:43:00,192-=== Pipeline completed ===
2026-06-01 17:48:00,217-=== Pipeline started ===
2026-06-01 17:48:00,229-Extracting Data...
2026-06-01 17:48:01,625-Data fetched Successfully
2026-06-01 17:48:01,628-Transforming Data...
2026-06-01 17:48:01,640-Loading into database...
2026-06-01 17:48:01,717-Data loaded successfully!
2026-06-01 17:48:01,718-=== Pipeline completed ===
2026-06-01 17:53:01,754-=== Pipeline started ===
2026-06-01 17:53:01,772-Extracting Data...
2026-06-01 17:53:03,078-Data fetched Successfully
2026-06-01 17:53:03,081-Transforming Data...
2026-06-01 17:53:03,141-Loading into database...
2026-06-01 17:53:03,290-Data loaded successfully!
2026-06-01 17:53:03,296-=== Pipeline completed ===
2026-06-01 17:58:03,298-=== Pipeline started ===
2026-06-01 17:58:03,298-Extracting Data...
2026-06-01 17:58:04,339-Data fetched Successfully
2026-06-01 17:58:04,341-Transforming Data...
2026-06-01 17:58:04,350-Loading into database...
2026-06-01 17:58:04,413-Data loaded successfully!
2026-06-01 17:58:04,413-=== Pipeline completed ===
2026-06-01 18:03:04,414-=== Pipeline started ===
2026-06-01 18:03:04,415-Extracting Data...
2026-06-01 18:03:05,507-Data fetched Successfully
2026-06-01 18:03:05,510-Transforming Data...
2026-06-01 18:03:05,513-Loading into database...
2026-06-01 18:03:05,572-Data loaded successfully!
2026-06-01 18:03:05,573-=== Pipeline completed ===
2026-06-01 18:08:05,574-=== Pipeline started ===
2026-06-01 18:08:05,574-Extracting Data...
2026-06-01 18:08:06,757-Data fetched Successfully
2026-06-01 18:08:06,761-Transforming Data...
2026-06-01 18:08:06,763-Loading into database...
2026-06-01 18:08:06,818-Data loaded successfully!
2026-06-01 18:08:06,818-=== Pipeline completed ===
2026-06-01 18:13:06,820-=== Pipeline started ===
2026-06-01 18:13:06,820-Extracting Data...
2026-06-01 18:13:07,909-Data fetched Successfully
2026-06-01 18:13:07,914-Transforming Data...
2026-06-01 18:13:07,916-Loading into database...
2026-06-01 18:13:07,968-Data loaded successfully!
2026-06-01 18:13:07,969-=== Pipeline completed ===
2026-06-01 18:18:07,990-=== Pipeline started ===
2026-06-01 18:18:07,998-Extracting Data...
2026-06-01 18:18:08,969-Data fetched Successfully
2026-06-01 18:18:08,973-Transforming Data...
2026-06-01 18:18:09,025-Loading into database...
2026-06-01 18:18:09,161-Data loaded successfully!
2026-06-01 18:18:09,166-=== Pipeline completed ===
2026-06-01 18:24:41,249-=== Pipeline started ===
2026-06-01 18:24:41,262-Extracting Data...
2026-06-01 18:24:42,773-Data fetched Successfully
2026-06-01 18:24:42,775-Transforming Data...
2026-06-01 18:24:42,793-Loading into database...
2026-06-01 18:24:42,961-Data loaded successfully!
2026-06-01 18:24:42,962-=== Pipeline completed ===
2026-06-01 18:35:07,352-=== Pipeline started ===
2026-06-01 18:35:07,383-Extracting Data...
2026-06-01 18:35:09,318-Data fetched Successfully
2026-06-01 18:35:09,323-Transforming Data...
2026-06-01 18:35:09,398-Loading into database...
2026-06-01 18:35:09,714-Data loaded successfully!
2026-06-01 18:35:09,724-=== Pipeline completed ===
2026-06-01 18:40:09,778-=== Pipeline started ===
2026-06-01 18:40:09,802-Extracting Data...
2026-06-01 18:40:12,932-Data fetched Successfully
2026-06-01 18:40:12,936-Transforming Data...
2026-06-01 18:40:13,017-Loading into database...
2026-06-01 18:40:13,203-Data loaded successfully!
2026-06-01 18:40:13,209-=== Pipeline completed ===
2026-06-01 18:45:13,211-=== Pipeline started ===
2026-06-01 18:45:13,212-Extracting Data...
2026-06-01 18:45:15,080-Data fetched Successfully
2026-06-01 18:45:15,085-Transforming Data...
2026-06-01 18:45:15,099-Loading into database...
2026-06-01 18:45:15,179-Data loaded successfully!
2026-06-01 18:45:15,180-=== Pipeline completed ===
2026-06-01 20:23:25,405-=== Pipeline started ===
2026-06-01 20:23:25,436-Extracting Data...
2026-06-01 20:23:27,441-Data fetched Successfully
2026-06-01 20:23:27,445-Transforming Data...
2026-06-01 20:23:27,529-Loading into database...
2026-06-01 20:23:27,722-Data loaded successfully!
2026-06-01 20:23:27,728-=== Pipeline completed ===
2026-06-01 20:28:27,730-=== Pipeline started ===
2026-06-01 20:28:27,731-Extracting Data...
2026-06-01 20:28:29,793-Data fetched Successfully
2026-06-01 20:28:29,796-Transforming Data...
2026-06-01 20:28:29,799-Loading into database...
2026-06-01 20:28:30,035-Data loaded successfully!
2026-06-01 20:28:30,037-=== Pipeline completed ===
